
/home/runner/work/exp-emg-recording-amrt/exp-emg-recording-amrt/experiment/simulation/app.js
  1008:19  warning  'calibAnimFrame' is defined but never used  no-unused-vars
  1053:15  warning  'hp' is assigned a value but never used     no-unused-vars
  1054:15  warning  'lp' is assigned a value but never used     no-unused-vars
  1055:15  warning  'sr' is assigned a value but never used     no-unused-vars
  1272:71  warning  'scale' is defined but never used           no-unused-vars
  1315:35  warning  'idx' is defined but never used             no-unused-vars
  1803:14  warning  'getToolName' is defined but never used     no-unused-vars
  1877:10  warning  'togglePrepStep' is defined but never used  no-unused-vars
  1918:41  warning  'status' is defined but never used          no-unused-vars

/home/runner/work/exp-emg-recording-amrt/exp-emg-recording-amrt/experiment/simulation/emg-engine.js
  179:29  warning  'variationSeed' is assigned a value but never used  no-unused-vars
  427:15  warning  'params' is assigned a value but never used         no-unused-vars

/home/runner/work/exp-emg-recording-amrt/exp-emg-recording-amrt/experiment/simulation/js/app.js
  1008:19  warning  'calibAnimFrame' is defined but never used  no-unused-vars
  1053:15  warning  'hp' is assigned a value but never used     no-unused-vars
  1054:15  warning  'lp' is assigned a value but never used     no-unused-vars
  1055:15  warning  'sr' is assigned a value but never used     no-unused-vars
  1272:71  warning  'scale' is defined but never used           no-unused-vars
  1315:35  warning  'idx' is defined but never used             no-unused-vars
  1803:14  warning  'getToolName' is defined but never used     no-unused-vars
  1877:10  warning  'togglePrepStep' is defined but never used  no-unused-vars
  1918:41  warning  'status' is defined but never used          no-unused-vars

/home/runner/work/exp-emg-recording-amrt/exp-emg-recording-amrt/experiment/simulation/js/emg-engine.js
  179:29  warning  'variationSeed' is assigned a value but never used  no-unused-vars
  427:15  warning  'params' is assigned a value but never used         no-unused-vars

/home/runner/work/exp-emg-recording-amrt/exp-emg-recording-amrt/experiment/simulation/js/main.js
  76:67  error  Parsing error: Unexpected token }

✖ 23 problems (1 error, 22 warnings)

